# JRE version: OpenJDK Runtime Environment (8.0_242-b01) (build 1.8.0_242-release-1644-b01)
# Java VM: OpenJDK 64-Bit Server VM (25.242-b01 mixed mode windows-amd64 compressed oops)
Heap:
 PSYoungGen      total 242176K, used 111521K [0x00000000d5580000, 0x00000000e7d00000, 0x0000000100000000)
  eden space 217600K, 46% used [0x00000000d5580000,0x00000000db7e4510,0x00000000e2a00000)
  from space 24576K, 43% used [0x00000000e2a00000,0x00000000e3484130,0x00000000e4200000)
  to   space 23552K, 0% used [0x00000000e6600000,0x00000000e6600000,0x00000000e7d00000)
 ParOldGen       total 92160K, used 65790K [0x0000000080000000, 0x0000000085a00000, 0x00000000d5580000)
  object space 92160K, 71% used [0x0000000080000000,0x000000008403f810,0x0000000085a00000)
 Metaspace       used 71108K, capacity 74966K, committed 75160K, reserved 1114112K
  class space    used 9639K, capacity 10354K, committed 10400K, reserved 1048576K
GC Heap History (10 events):
Event: 27.082 GC heap before
{Heap before GC invocations=20 (full 3):
 PSYoungGen      total 172544K, used 172138K [0x00000000d5580000, 0x00000000e1900000, 0x0000000100000000)
  eden space 156672K, 100% used [0x00000000d5580000,0x00000000dee80000,0x00000000dee80000)
  from space 15872K, 97% used [0x00000000e0980000,0x00000000e189a940,0x00000000e1900000)
  to   space 18432K, 0% used [0x00000000df500000,0x00000000df500000,0x00000000e0700000)
 ParOldGen       total 92160K, used 35233K [0x0000000080000000, 0x0000000085a00000, 0x00000000d5580000)
  object space 92160K, 38% used [0x0000000080000000,0x0000000082268670,0x0000000085a00000)
 Metaspace       used 67121K, capacity 71004K, committed 71192K, reserved 1110016K
  class space    used 9201K, capacity 9942K, committed 10016K, reserved 1048576K
Event: 27.298 GC heap after
Heap after GC invocations=20 (full 3):
 PSYoungGen      total 181760K, used 18423K [0x00000000d5580000, 0x00000000e3a00000, 0x0000000100000000)
  eden space 163328K, 0% used [0x00000000d5580000,0x00000000d5580000,0x00000000df500000)
  from space 18432K, 99% used [0x00000000df500000,0x00000000e06fdf30,0x00000000e0700000)
  to   space 25600K, 0% used [0x00000000e2100000,0x00000000e2100000,0x00000000e3a00000)
 ParOldGen       total 92160K, used 45868K [0x0000000080000000, 0x0000000085a00000, 0x00000000d5580000)
  object space 92160K, 49% used [0x0000000080000000,0x0000000082ccb3e8,0x0000000085a00000)
 Metaspace       used 67121K, capacity 71004K, committed 71192K, reserved 1110016K
  class space    used 9201K, capacity 9942K, committed 10016K, reserved 1048576K
}
Event: 28.253 GC heap before
{Heap before GC invocations=21 (full 3):
 PSYoungGen      total 181760K, used 181751K [0x00000000d5580000, 0x00000000e3a00000, 0x0000000100000000)
  eden space 163328K, 100% used [0x00000000d5580000,0x00000000df500000,0x00000000df500000)
  from space 18432K, 99% used [0x00000000df500000,0x00000000e06fdf30,0x00000000e0700000)
  to   space 25600K, 0% used [0x00000000e2100000,0x00000000e2100000,0x00000000e3a00000)
 ParOldGen       total 92160K, used 45868K [0x0000000080000000, 0x0000000085a00000, 0x00000000d5580000)
  object space 92160K, 49% used [0x0000000080000000,0x0000000082ccb3e8,0x0000000085a00000)
 Metaspace       used 67751K, capacity 71610K, committed 71704K, reserved 1112064K
  class space    used 9264K, capacity 10012K, committed 10016K, reserved 1048576K
Event: 28.339 GC heap after
Heap after GC invocations=21 (full 3):
 PSYoungGen      total 207872K, used 16249K [0x00000000d5580000, 0x00000000e4780000, 0x0000000100000000)
  eden space 182272K, 0% used [0x00000000d5580000,0x00000000d5580000,0x00000000e0780000)
  from space 25600K, 63% used [0x00000000e2100000,0x00000000e30de570,0x00000000e3a00000)
  to   space 26112K, 0% used [0x00000000e0780000,0x00000000e0780000,0x00000000e2100000)
 ParOldGen       total 92160K, used 51850K [0x0000000080000000, 0x0000000085a00000, 0x00000000d5580000)
  object space 92160K, 56% used [0x0000000080000000,0x00000000832a29a8,0x0000000085a00000)
 Metaspace       used 67751K, capacity 71610K, committed 71704K, reserved 1112064K
  class space    used 9264K, capacity 10012K, committed 10016K, reserved 1048576K
}
Event: 29.159 GC heap before
{Heap before GC invocations=22 (full 3):
 PSYoungGen      total 207872K, used 198521K [0x00000000d5580000, 0x00000000e4780000, 0x0000000100000000)
  eden space 182272K, 100% used [0x00000000d5580000,0x00000000e0780000,0x00000000e0780000)
  from space 25600K, 63% used [0x00000000e2100000,0x00000000e30de570,0x00000000e3a00000)
  to   space 26112K, 0% used [0x00000000e0780000,0x00000000e0780000,0x00000000e2100000)
 ParOldGen       total 92160K, used 51850K [0x0000000080000000, 0x0000000085a00000, 0x00000000d5580000)
  object space 92160K, 56% used [0x0000000080000000,0x00000000832a29a8,0x0000000085a00000)
 Metaspace       used 67859K, capacity 71738K, committed 71960K, reserved 1112064K
  class space    used 9278K, capacity 10012K, committed 10016K, reserved 1048576K
Event: 29.200 GC heap after
Heap after GC invocations=22 (full 3):
 PSYoungGen      total 208384K, used 1984K [0x00000000d5580000, 0x00000000e5d80000, 0x0000000100000000)
  eden space 182272K, 0% used [0x00000000d5580000,0x00000000d5580000,0x00000000e0780000)
  from space 26112K, 7% used [0x00000000e0780000,0x00000000e0970010,0x00000000e2100000)
  to   space 26112K, 0% used [0x00000000e4400000,0x00000000e4400000,0x00000000e5d80000)
 ParOldGen       total 92160K, used 64101K [0x0000000080000000, 0x0000000085a00000, 0x00000000d5580000)
  object space 92160K, 69% used [0x0000000080000000,0x0000000083e997f0,0x0000000085a00000)
 Metaspace       used 67859K, capacity 71738K, committed 71960K, reserved 1112064K
  class space    used 9278K, capacity 10012K, committed 10016K, reserved 1048576K
}
Event: 34.155 GC heap before
{Heap before GC invocations=23 (full 3):
 PSYoungGen      total 208384K, used 184256K [0x00000000d5580000, 0x00000000e5d80000, 0x0000000100000000)
  eden space 182272K, 100% used [0x00000000d5580000,0x00000000e0780000,0x00000000e0780000)
  from space 26112K, 7% used [0x00000000e0780000,0x00000000e0970010,0x00000000e2100000)
  to   space 26112K, 0% used [0x00000000e4400000,0x00000000e4400000,0x00000000e5d80000)
 ParOldGen       total 92160K, used 64101K [0x0000000080000000, 0x0000000085a00000, 0x00000000d5580000)
  object space 92160K, 69% used [0x0000000080000000,0x0000000083e997f0,0x0000000085a00000)
 Metaspace       used 69344K, capacity 73230K, committed 73496K, reserved 1112064K
  class space    used 9449K, capacity 10176K, committed 10272K, reserved 1048576K
Event: 34.367 GC heap after
Heap after GC invocations=23 (full 3):
 PSYoungGen      total 240128K, used 9215K [0x00000000d5580000, 0x00000000e5a00000, 0x0000000100000000)
  eden space 217600K, 0% used [0x00000000d5580000,0x00000000d5580000,0x00000000e2a00000)
  from space 22528K, 40% used [0x00000000e4400000,0x00000000e4cffce8,0x00000000e5a00000)
  to   space 24576K, 0% used [0x00000000e2a00000,0x00000000e2a00000,0x00000000e4200000)
 ParOldGen       total 92160K, used 64782K [0x0000000080000000, 0x0000000085a00000, 0x00000000d5580000)
  object space 92160K, 70% used [0x0000000080000000,0x0000000083f43800,0x0000000085a00000)
 Metaspace       used 69344K, capacity 73230K, committed 73496K, reserved 1112064K
  class space    used 9449K, capacity 10176K, committed 10272K, reserved 1048576K
}
Event: 35.714 GC heap before
{Heap before GC invocations=24 (full 3):
 PSYoungGen      total 240128K, used 226815K [0x00000000d5580000, 0x00000000e5a00000, 0x0000000100000000)
  eden space 217600K, 100% used [0x00000000d5580000,0x00000000e2a00000,0x00000000e2a00000)
  from space 22528K, 40% used [0x00000000e4400000,0x00000000e4cffce8,0x00000000e5a00000)
  to   space 24576K, 0% used [0x00000000e2a00000,0x00000000e2a00000,0x00000000e4200000)
 ParOldGen       total 92160K, used 64782K [0x0000000080000000, 0x0000000085a00000, 0x00000000d5580000)
  object space 92160K, 70% used [0x0000000080000000,0x0000000083f43800,0x0000000085a00000)
 Metaspace       used 69939K, capacity 73874K, committed 74008K, reserved 1114112K
  class space    used 9506K, capacity 10240K, committed 10272K, reserved 1048576K
Event: 35.733 GC heap after
Heap after GC invocations=24 (full 3):
 PSYoungGen      total 242176K, used 10768K [0x00000000d5580000, 0x00000000e7d00000, 0x0000000100000000)
  eden space 217600K, 0% used [0x00000000d5580000,0x00000000d5580000,0x00000000e2a00000)
  from space 24576K, 43% used [0x00000000e2a00000,0x00000000e3484130,0x00000000e4200000)
  to   space 23552K, 0% used [0x00000000e6600000,0x00000000e6600000,0x00000000e7d00000)
 ParOldGen       total 92160K, used 65790K [0x0000000080000000, 0x0000000085a00000, 0x00000000d5580000)
  object space 92160K, 71% used [0x0000000080000000,0x000000008403f810,0x0000000085a00000)
 Metaspace       used 69939K, capacity 73874K, committed 74008K, reserved 1114112K
  class space    used 9506K, capacity 10240K, committed 10272K, reserved 1048576K
}

