# JRE version: OpenJDK Runtime Environment (8.0_242-b01) (build 1.8.0_242-release-1644-b01)
# Java VM: OpenJDK 64-Bit Server VM (25.242-b01 mixed mode windows-amd64 compressed oops)
Heap:
 PSYoungGen      total 260608K, used 230204K [0x00000000d5580000, 0x00000000e7700000, 0x0000000100000000)
  eden space 240640K, 95% used [0x00000000d5580000,0x00000000e364f058,0x00000000e4080000)
  from space 19968K, 0% used [0x00000000e6380000,0x00000000e6380000,0x00000000e7700000)
  to   space 24064K, 0% used [0x00000000e4800000,0x00000000e4800000,0x00000000e5f80000)
 ParOldGen       total 84992K, used 67063K [0x0000000080000000, 0x0000000085300000, 0x00000000d5580000)
  object space 84992K, 78% used [0x0000000080000000,0x000000008417dfe8,0x0000000085300000)
 Metaspace       used 68941K, capacity 71856K, committed 73496K, reserved 1112064K
  class space    used 9315K, capacity 9947K, committed 10288K, reserved 1048576K
GC Heap History (10 events):
Event: 27.072 GC heap before
{Heap before GC invocations=20 (full 4):
 PSYoungGen      total 260608K, used 4309K [0x00000000d5580000, 0x00000000e7700000, 0x0000000100000000)
  eden space 240640K, 0% used [0x00000000d5580000,0x00000000d5580000,0x00000000e4080000)
  from space 19968K, 21% used [0x00000000e6380000,0x00000000e67b5640,0x00000000e7700000)
  to   space 24064K, 0% used [0x00000000e4800000,0x00000000e4800000,0x00000000e5f80000)
 ParOldGen       total 84992K, used 73783K [0x0000000080000000, 0x0000000085300000, 0x00000000d5580000)
  object space 84992K, 86% used [0x0000000080000000,0x000000008480df80,0x0000000085300000)
 Metaspace       used 67319K, capacity 71246K, committed 71448K, reserved 1110016K
  class space    used 9224K, capacity 9936K, committed 10032K, reserved 1048576K
Event: 27.885 GC heap after
Heap after GC invocations=20 (full 4):
 PSYoungGen      total 260608K, used 0K [0x00000000d5580000, 0x00000000e7700000, 0x0000000100000000)
  eden space 240640K, 0% used [0x00000000d5580000,0x00000000d5580000,0x00000000e4080000)
  from space 19968K, 0% used [0x00000000e6380000,0x00000000e6380000,0x00000000e7700000)
  to   space 24064K, 0% used [0x00000000e4800000,0x00000000e4800000,0x00000000e5f80000)
 ParOldGen       total 84992K, used 70103K [0x0000000080000000, 0x0000000085300000, 0x00000000d5580000)
  object space 84992K, 82% used [0x0000000080000000,0x0000000084475ff8,0x0000000085300000)
 Metaspace       used 66809K, capacity 69770K, committed 71448K, reserved 1110016K
  class space    used 9060K, capacity 9646K, committed 10032K, reserved 1048576K
}
Event: 29.060 GC heap before
{Heap before GC invocations=21 (full 5):
 PSYoungGen      total 260608K, used 240640K [0x00000000d5580000, 0x00000000e7700000, 0x0000000100000000)
  eden space 240640K, 100% used [0x00000000d5580000,0x00000000e4080000,0x00000000e4080000)
  from space 19968K, 0% used [0x00000000e6380000,0x00000000e6380000,0x00000000e7700000)
  to   space 24064K, 0% used [0x00000000e4800000,0x00000000e4800000,0x00000000e5f80000)
 ParOldGen       total 84992K, used 70103K [0x0000000080000000, 0x0000000085300000, 0x00000000d5580000)
  object space 84992K, 82% used [0x0000000080000000,0x0000000084475ff8,0x0000000085300000)
 Metaspace       used 67456K, capacity 70482K, committed 72088K, reserved 1112064K
  class space    used 9127K, capacity 9752K, committed 10160K, reserved 1048576K
Event: 29.339 GC heap after
Heap after GC invocations=21 (full 5):
 PSYoungGen      total 260608K, used 0K [0x00000000d5580000, 0x00000000e7700000, 0x0000000100000000)
  eden space 240640K, 0% used [0x00000000d5580000,0x00000000d5580000,0x00000000e4080000)
  from space 19968K, 0% used [0x00000000e6380000,0x00000000e6380000,0x00000000e7700000)
  to   space 24064K, 0% used [0x00000000e4800000,0x00000000e4800000,0x00000000e5f80000)
 ParOldGen       total 84992K, used 73324K [0x0000000080000000, 0x0000000085300000, 0x00000000d5580000)
  object space 84992K, 86% used [0x0000000080000000,0x000000008479b358,0x0000000085300000)
 Metaspace       used 67456K, capacity 70482K, committed 72088K, reserved 1112064K
  class space    used 9127K, capacity 9752K, committed 10160K, reserved 1048576K
}
Event: 29.824 GC heap before
{Heap before GC invocations=22 (full 6):
 PSYoungGen      total 260608K, used 240640K [0x00000000d5580000, 0x00000000e7700000, 0x0000000100000000)
  eden space 240640K, 100% used [0x00000000d5580000,0x00000000e4080000,0x00000000e4080000)
  from space 19968K, 0% used [0x00000000e6380000,0x00000000e6380000,0x00000000e7700000)
  to   space 24064K, 0% used [0x00000000e4800000,0x00000000e4800000,0x00000000e5f80000)
 ParOldGen       total 84992K, used 73324K [0x0000000080000000, 0x0000000085300000, 0x00000000d5580000)
  object space 84992K, 86% used [0x0000000080000000,0x000000008479b358,0x0000000085300000)
 Metaspace       used 67564K, capacity 70546K, committed 72344K, reserved 1112064K
  class space    used 9137K, capacity 9752K, committed 10160K, reserved 1048576K
Event: 29.953 GC heap after
Heap after GC invocations=22 (full 6):
 PSYoungGen      total 260608K, used 0K [0x00000000d5580000, 0x00000000e7700000, 0x0000000100000000)
  eden space 240640K, 0% used [0x00000000d5580000,0x00000000d5580000,0x00000000e4080000)
  from space 19968K, 0% used [0x00000000e6380000,0x00000000e6380000,0x00000000e7700000)
  to   space 24064K, 0% used [0x00000000e4800000,0x00000000e4800000,0x00000000e5f80000)
 ParOldGen       total 84992K, used 67898K [0x0000000080000000, 0x0000000085300000, 0x00000000d5580000)
  object space 84992K, 79% used [0x0000000080000000,0x000000008424e860,0x0000000085300000)
 Metaspace       used 67564K, capacity 70546K, committed 72344K, reserved 1112064K
  class space    used 9137K, capacity 9752K, committed 10160K, reserved 1048576K
}
Event: 30.207 GC heap before
{Heap before GC invocations=23 (full 7):
 PSYoungGen      total 260608K, used 240640K [0x00000000d5580000, 0x00000000e7700000, 0x0000000100000000)
  eden space 240640K, 100% used [0x00000000d5580000,0x00000000e4080000,0x00000000e4080000)
  from space 19968K, 0% used [0x00000000e6380000,0x00000000e6380000,0x00000000e7700000)
  to   space 24064K, 0% used [0x00000000e4800000,0x00000000e4800000,0x00000000e5f80000)
 ParOldGen       total 84992K, used 67898K [0x0000000080000000, 0x0000000085300000, 0x00000000d5580000)
  object space 84992K, 79% used [0x0000000080000000,0x000000008424e860,0x0000000085300000)
 Metaspace       used 67633K, capacity 70630K, committed 72344K, reserved 1112064K
  class space    used 9145K, capacity 9754K, committed 10160K, reserved 1048576K
Event: 30.352 GC heap after
Heap after GC invocations=23 (full 7):
 PSYoungGen      total 260608K, used 0K [0x00000000d5580000, 0x00000000e7700000, 0x0000000100000000)
  eden space 240640K, 0% used [0x00000000d5580000,0x00000000d5580000,0x00000000e4080000)
  from space 19968K, 0% used [0x00000000e6380000,0x00000000e6380000,0x00000000e7700000)
  to   space 24064K, 0% used [0x00000000e4800000,0x00000000e4800000,0x00000000e5f80000)
 ParOldGen       total 84992K, used 65949K [0x0000000080000000, 0x0000000085300000, 0x00000000d5580000)
  object space 84992K, 77% used [0x0000000080000000,0x0000000084067678,0x0000000085300000)
 Metaspace       used 67633K, capacity 70630K, committed 72344K, reserved 1112064K
  class space    used 9145K, capacity 9754K, committed 10160K, reserved 1048576K
}
Event: 30.689 GC heap before
{Heap before GC invocations=24 (full 8):
 PSYoungGen      total 260608K, used 240640K [0x00000000d5580000, 0x00000000e7700000, 0x0000000100000000)
  eden space 240640K, 100% used [0x00000000d5580000,0x00000000e4080000,0x00000000e4080000)
  from space 19968K, 0% used [0x00000000e6380000,0x00000000e6380000,0x00000000e7700000)
  to   space 24064K, 0% used [0x00000000e4800000,0x00000000e4800000,0x00000000e5f80000)
 ParOldGen       total 84992K, used 66178K [0x0000000080000000, 0x0000000085300000, 0x00000000d5580000)
  object space 84992K, 77% used [0x0000000080000000,0x00000000840a08a8,0x0000000085300000)
 Metaspace       used 68277K, capacity 71238K, committed 72856K, reserved 1112064K
  class space    used 9240K, capacity 9850K, committed 10160K, reserved 1048576K
Event: 30.860 GC heap after
Heap after GC invocations=24 (full 8):
 PSYoungGen      total 260608K, used 0K [0x00000000d5580000, 0x00000000e7700000, 0x0000000100000000)
  eden space 240640K, 0% used [0x00000000d5580000,0x00000000d5580000,0x00000000e4080000)
  from space 19968K, 0% used [0x00000000e6380000,0x00000000e6380000,0x00000000e7700000)
  to   space 24064K, 0% used [0x00000000e4800000,0x00000000e4800000,0x00000000e5f80000)
 ParOldGen       total 84992K, used 67063K [0x0000000080000000, 0x0000000085300000, 0x00000000d5580000)
  object space 84992K, 78% used [0x0000000080000000,0x000000008417dfe8,0x0000000085300000)
 Metaspace       used 68277K, capacity 71238K, committed 72856K, reserved 1112064K
  class space    used 9240K, capacity 9850K, committed 10160K, reserved 1048576K
}

