# JRE version: OpenJDK Runtime Environment (8.0_242-b01) (build 1.8.0_242-release-1644-b01)
# Java VM: OpenJDK 64-Bit Server VM (25.242-b01 mixed mode windows-amd64 compressed oops)
Heap:
 PSYoungGen      total 268288K, used 242096K [0x00000000d5580000, 0x00000000e8480000, 0x0000000100000000)
  eden space 247808K, 90% used [0x00000000d5580000,0x00000000e30ff1f8,0x00000000e4780000)
  from space 20480K, 84% used [0x00000000e7080000,0x00000000e816cf90,0x00000000e8480000)
  to   space 25600K, 0% used [0x00000000e5280000,0x00000000e5280000,0x00000000e6b80000)
 ParOldGen       total 81920K, used 61261K [0x0000000080000000, 0x0000000085000000, 0x00000000d5580000)
  object space 81920K, 74% used [0x0000000080000000,0x0000000083bd3608,0x0000000085000000)
 Metaspace       used 72244K, capacity 75842K, committed 75928K, reserved 1114112K
  class space    used 9696K, capacity 10374K, committed 10400K, reserved 1048576K
GC Heap History (10 events):
Event: 26.899 GC heap before
{Heap before GC invocations=17 (full 3):
 PSYoungGen      total 222208K, used 201728K [0x00000000d5580000, 0x00000000e8480000, 0x0000000100000000)
  eden space 201728K, 100% used [0x00000000d5580000,0x00000000e1a80000,0x00000000e1a80000)
  from space 20480K, 0% used [0x00000000e1a80000,0x00000000e1a80000,0x00000000e2e80000)
  to   space 20480K, 0% used [0x00000000e7080000,0x00000000e7080000,0x00000000e8480000)
 ParOldGen       total 81920K, used 30218K [0x0000000080000000, 0x0000000085000000, 0x00000000d5580000)
  object space 81920K, 36% used [0x0000000080000000,0x0000000081d82b00,0x0000000085000000)
 Metaspace       used 69183K, capacity 72182K, committed 72216K, reserved 1112064K
  class space    used 9427K, capacity 10010K, committed 10016K, reserved 1048576K
Event: 26.945 GC heap after
Heap after GC invocations=17 (full 3):
 PSYoungGen      total 268288K, used 20462K [0x00000000d5580000, 0x00000000e8480000, 0x0000000100000000)
  eden space 247808K, 0% used [0x00000000d5580000,0x00000000d5580000,0x00000000e4780000)
  from space 20480K, 99% used [0x00000000e7080000,0x00000000e847baf0,0x00000000e8480000)
  to   space 25600K, 0% used [0x00000000e5280000,0x00000000e5280000,0x00000000e6b80000)
 ParOldGen       total 81920K, used 35338K [0x0000000080000000, 0x0000000085000000, 0x00000000d5580000)
  object space 81920K, 43% used [0x0000000080000000,0x0000000082282aa0,0x0000000085000000)
 Metaspace       used 69183K, capacity 72182K, committed 72216K, reserved 1112064K
  class space    used 9427K, capacity 10010K, committed 10016K, reserved 1048576K
}
Event: 30.792 GC heap before
{Heap before GC invocations=18 (full 3):
 PSYoungGen      total 268288K, used 268270K [0x00000000d5580000, 0x00000000e8480000, 0x0000000100000000)
  eden space 247808K, 100% used [0x00000000d5580000,0x00000000e4780000,0x00000000e4780000)
  from space 20480K, 99% used [0x00000000e7080000,0x00000000e847baf0,0x00000000e8480000)
  to   space 25600K, 0% used [0x00000000e5280000,0x00000000e5280000,0x00000000e6b80000)
 ParOldGen       total 81920K, used 35338K [0x0000000080000000, 0x0000000085000000, 0x00000000d5580000)
  object space 81920K, 43% used [0x0000000080000000,0x0000000082282aa0,0x0000000085000000)
 Metaspace       used 71929K, capacity 75446K, committed 75672K, reserved 1114112K
  class space    used 9694K, capacity 10372K, committed 10400K, reserved 1048576K
Event: 30.934 GC heap after
Heap after GC invocations=18 (full 3):
 PSYoungGen      total 273408K, used 16619K [0x00000000d5580000, 0x00000000e8480000, 0x0000000100000000)
  eden space 247808K, 0% used [0x00000000d5580000,0x00000000d5580000,0x00000000e4780000)
  from space 25600K, 64% used [0x00000000e5280000,0x00000000e62bae20,0x00000000e6b80000)
  to   space 20480K, 0% used [0x00000000e7080000,0x00000000e7080000,0x00000000e8480000)
 ParOldGen       total 81920K, used 51881K [0x0000000080000000, 0x0000000085000000, 0x00000000d5580000)
  object space 81920K, 63% used [0x0000000080000000,0x00000000832aa738,0x0000000085000000)
 Metaspace       used 71929K, capacity 75446K, committed 75672K, reserved 1114112K
  class space    used 9694K, capacity 10372K, committed 10400K, reserved 1048576K
}
Event: 31.528 GC heap before
{Heap before GC invocations=19 (full 3):
 PSYoungGen      total 273408K, used 264427K [0x00000000d5580000, 0x00000000e8480000, 0x0000000100000000)
  eden space 247808K, 100% used [0x00000000d5580000,0x00000000e4780000,0x00000000e4780000)
  from space 25600K, 64% used [0x00000000e5280000,0x00000000e62bae20,0x00000000e6b80000)
  to   space 20480K, 0% used [0x00000000e7080000,0x00000000e7080000,0x00000000e8480000)
 ParOldGen       total 81920K, used 51881K [0x0000000080000000, 0x0000000085000000, 0x00000000d5580000)
  object space 81920K, 63% used [0x0000000080000000,0x00000000832aa738,0x0000000085000000)
 Metaspace       used 72039K, capacity 75650K, committed 75928K, reserved 1114112K
  class space    used 9695K, capacity 10374K, committed 10400K, reserved 1048576K
Event: 31.549 GC heap after
Heap after GC invocations=19 (full 3):
 PSYoungGen      total 268288K, used 12213K [0x00000000d5580000, 0x00000000e8480000, 0x0000000100000000)
  eden space 247808K, 0% used [0x00000000d5580000,0x00000000d5580000,0x00000000e4780000)
  from space 20480K, 59% used [0x00000000e7080000,0x00000000e7c6d458,0x00000000e8480000)
  to   space 25600K, 0% used [0x00000000e5280000,0x00000000e5280000,0x00000000e6b80000)
 ParOldGen       total 81920K, used 51889K [0x0000000080000000, 0x0000000085000000, 0x00000000d5580000)
  object space 81920K, 63% used [0x0000000080000000,0x00000000832ac738,0x0000000085000000)
 Metaspace       used 72039K, capacity 75650K, committed 75928K, reserved 1114112K
  class space    used 9695K, capacity 10374K, committed 10400K, reserved 1048576K
}
Event: 32.017 GC heap before
{Heap before GC invocations=20 (full 3):
 PSYoungGen      total 268288K, used 260021K [0x00000000d5580000, 0x00000000e8480000, 0x0000000100000000)
  eden space 247808K, 100% used [0x00000000d5580000,0x00000000e4780000,0x00000000e4780000)
  from space 20480K, 59% used [0x00000000e7080000,0x00000000e7c6d458,0x00000000e8480000)
  to   space 25600K, 0% used [0x00000000e5280000,0x00000000e5280000,0x00000000e6b80000)
 ParOldGen       total 81920K, used 51889K [0x0000000080000000, 0x0000000085000000, 0x00000000d5580000)
  object space 81920K, 63% used [0x0000000080000000,0x00000000832ac758,0x0000000085000000)
 Metaspace       used 72182K, capacity 75778K, committed 75928K, reserved 1114112K
  class space    used 9695K, capacity 10374K, committed 10400K, reserved 1048576K
Event: 32.053 GC heap after
Heap after GC invocations=20 (full 3):
 PSYoungGen      total 273408K, used 18538K [0x00000000d5580000, 0x00000000e8480000, 0x0000000100000000)
  eden space 247808K, 0% used [0x00000000d5580000,0x00000000d5580000,0x00000000e4780000)
  from space 25600K, 72% used [0x00000000e5280000,0x00000000e649aa78,0x00000000e6b80000)
  to   space 20480K, 0% used [0x00000000e7080000,0x00000000e7080000,0x00000000e8480000)
 ParOldGen       total 81920K, used 51897K [0x0000000080000000, 0x0000000085000000, 0x00000000d5580000)
  object space 81920K, 63% used [0x0000000080000000,0x00000000832ae758,0x0000000085000000)
 Metaspace       used 72182K, capacity 75778K, committed 75928K, reserved 1114112K
  class space    used 9695K, capacity 10374K, committed 10400K, reserved 1048576K
}
Event: 32.429 GC heap before
{Heap before GC invocations=21 (full 3):
 PSYoungGen      total 273408K, used 266346K [0x00000000d5580000, 0x00000000e8480000, 0x0000000100000000)
  eden space 247808K, 100% used [0x00000000d5580000,0x00000000e4780000,0x00000000e4780000)
  from space 25600K, 72% used [0x00000000e5280000,0x00000000e649aa78,0x00000000e6b80000)
  to   space 20480K, 0% used [0x00000000e7080000,0x00000000e7080000,0x00000000e8480000)
 ParOldGen       total 81920K, used 51900K [0x0000000080000000, 0x0000000085000000, 0x00000000d5580000)
  object space 81920K, 63% used [0x0000000080000000,0x00000000832af3a8,0x0000000085000000)
 Metaspace       used 72232K, capacity 75842K, committed 75928K, reserved 1114112K
  class space    used 9696K, capacity 10374K, committed 10400K, reserved 1048576K
Event: 32.465 GC heap after
Heap after GC invocations=21 (full 3):
 PSYoungGen      total 268288K, used 17331K [0x00000000d5580000, 0x00000000e8480000, 0x0000000100000000)
  eden space 247808K, 0% used [0x00000000d5580000,0x00000000d5580000,0x00000000e4780000)
  from space 20480K, 84% used [0x00000000e7080000,0x00000000e816cf90,0x00000000e8480000)
  to   space 25600K, 0% used [0x00000000e5280000,0x00000000e5280000,0x00000000e6b80000)
 ParOldGen       total 81920K, used 61261K [0x0000000080000000, 0x0000000085000000, 0x00000000d5580000)
  object space 81920K, 74% used [0x0000000080000000,0x0000000083bd3608,0x0000000085000000)
 Metaspace       used 72232K, capacity 75842K, committed 75928K, reserved 1114112K
  class space    used 9696K, capacity 10374K, committed 10400K, reserved 1048576K
}

