# JRE version: OpenJDK Runtime Environment (8.0_242-b01) (build 1.8.0_242-release-1644-b01)
# Java VM: OpenJDK 64-Bit Server VM (25.242-b01 mixed mode windows-amd64 compressed oops)
Heap:
 PSYoungGen      total 383488K, used 97676K [0x00000000d5580000, 0x00000000ee180000, 0x0000000100000000)
  eden space 371712K, 26% used [0x00000000d5580000,0x00000000db4e31b8,0x00000000ec080000)
  from space 11776K, 0% used [0x00000000ed600000,0x00000000ed600000,0x00000000ee180000)
  to   space 16384K, 0% used [0x00000000ec180000,0x00000000ec180000,0x00000000ed180000)
 ParOldGen       total 51712K, used 35288K [0x0000000080000000, 0x0000000083280000, 0x00000000d5580000)
  object space 51712K, 68% used [0x0000000080000000,0x00000000822761b0,0x0000000083280000)
 Metaspace       used 62299K, capacity 64804K, committed 65024K, reserved 1105920K
  class space    used 8047K, capacity 8575K, committed 8704K, reserved 1048576K
GC Heap History (10 events):
Event: 35.225 GC heap before
{Heap before GC invocations=15 (full 2):
 PSYoungGen      total 316928K, used 316691K [0x00000000d5580000, 0x00000000e9d80000, 0x0000000100000000)
  eden space 311808K, 100% used [0x00000000d5580000,0x00000000e8600000,0x00000000e8600000)
  from space 5120K, 95% used [0x00000000e9880000,0x00000000e9d44ed0,0x00000000e9d80000)
  to   space 11776K, 0% used [0x00000000e8680000,0x00000000e8680000,0x00000000e9200000)
 ParOldGen       total 51712K, used 14579K [0x0000000080000000, 0x0000000083280000, 0x00000000d5580000)
  object space 51712K, 28% used [0x0000000080000000,0x0000000080e3cc60,0x0000000083280000)
 Metaspace       used 48969K, capacity 51026K, committed 51072K, reserved 1093632K
  class space    used 6375K, capacity 6770K, committed 6784K, reserved 1048576K
Event: 35.281 GC heap after
Heap after GC invocations=15 (full 2):
 PSYoungGen      total 324096K, used 11752K [0x00000000d5580000, 0x00000000ee580000, 0x0000000100000000)
  eden space 312320K, 0% used [0x00000000d5580000,0x00000000d5580000,0x00000000e8680000)
  from space 11776K, 99% used [0x00000000e8680000,0x00000000e91fa270,0x00000000e9200000)
  to   space 15872K, 0% used [0x00000000ed600000,0x00000000ed600000,0x00000000ee580000)
 ParOldGen       total 51712K, used 20765K [0x0000000080000000, 0x0000000083280000, 0x00000000d5580000)
  object space 51712K, 40% used [0x0000000080000000,0x0000000081447798,0x0000000083280000)
 Metaspace       used 48969K, capacity 51026K, committed 51072K, reserved 1093632K
  class space    used 6375K, capacity 6770K, committed 6784K, reserved 1048576K
}
Event: 39.780 GC heap before
{Heap before GC invocations=16 (full 2):
 PSYoungGen      total 324096K, used 324072K [0x00000000d5580000, 0x00000000ee580000, 0x0000000100000000)
  eden space 312320K, 100% used [0x00000000d5580000,0x00000000e8680000,0x00000000e8680000)
  from space 11776K, 99% used [0x00000000e8680000,0x00000000e91fa270,0x00000000e9200000)
  to   space 15872K, 0% used [0x00000000ed600000,0x00000000ed600000,0x00000000ee580000)
 ParOldGen       total 51712K, used 20765K [0x0000000080000000, 0x0000000083280000, 0x00000000d5580000)
  object space 51712K, 40% used [0x0000000080000000,0x0000000081447798,0x0000000083280000)
 Metaspace       used 48971K, capacity 51026K, committed 51072K, reserved 1093632K
  class space    used 6375K, capacity 6770K, committed 6784K, reserved 1048576K
Event: 39.800 GC heap after
Heap after GC invocations=16 (full 2):
 PSYoungGen      total 383488K, used 11601K [0x00000000d5580000, 0x00000000ee180000, 0x0000000100000000)
  eden space 371712K, 0% used [0x00000000d5580000,0x00000000d5580000,0x00000000ec080000)
  from space 11776K, 98% used [0x00000000ed600000,0x00000000ee154518,0x00000000ee180000)
  to   space 16384K, 0% used [0x00000000ec180000,0x00000000ec180000,0x00000000ed180000)
 ParOldGen       total 51712K, used 21693K [0x0000000080000000, 0x0000000083280000, 0x00000000d5580000)
  object space 51712K, 41% used [0x0000000080000000,0x000000008152f438,0x0000000083280000)
 Metaspace       used 48971K, capacity 51026K, committed 51072K, reserved 1093632K
  class space    used 6375K, capacity 6770K, committed 6784K, reserved 1048576K
}
Event: 43.660 GC heap before
{Heap before GC invocations=17 (full 2):
 PSYoungGen      total 383488K, used 383313K [0x00000000d5580000, 0x00000000ee180000, 0x0000000100000000)
  eden space 371712K, 100% used [0x00000000d5580000,0x00000000ec080000,0x00000000ec080000)
  from space 11776K, 98% used [0x00000000ed600000,0x00000000ee154518,0x00000000ee180000)
  to   space 16384K, 0% used [0x00000000ec180000,0x00000000ec180000,0x00000000ed180000)
 ParOldGen       total 51712K, used 21693K [0x0000000080000000, 0x0000000083280000, 0x00000000d5580000)
  object space 51712K, 41% used [0x0000000080000000,0x000000008152f438,0x0000000083280000)
 Metaspace       used 48977K, capacity 51090K, committed 51328K, reserved 1093632K
  class space    used 6375K, capacity 6770K, committed 6784K, reserved 1048576K
Event: 43.678 GC heap after
Heap after GC invocations=17 (full 2):
 PSYoungGen      total 388096K, used 10712K [0x00000000d5580000, 0x00000000ee180000, 0x0000000100000000)
  eden space 371712K, 0% used [0x00000000d5580000,0x00000000d5580000,0x00000000ec080000)
  from space 16384K, 65% used [0x00000000ec180000,0x00000000ecbf6130,0x00000000ed180000)
  to   space 11776K, 0% used [0x00000000ed600000,0x00000000ed600000,0x00000000ee180000)
 ParOldGen       total 51712K, used 21701K [0x0000000080000000, 0x0000000083280000, 0x00000000d5580000)
  object space 51712K, 41% used [0x0000000080000000,0x0000000081531438,0x0000000083280000)
 Metaspace       used 48977K, capacity 51090K, committed 51328K, reserved 1093632K
  class space    used 6375K, capacity 6770K, committed 6784K, reserved 1048576K
}
Event: 48.064 GC heap before
{Heap before GC invocations=18 (full 2):
 PSYoungGen      total 388096K, used 179773K [0x00000000d5580000, 0x00000000ee180000, 0x0000000100000000)
  eden space 371712K, 45% used [0x00000000d5580000,0x00000000dfa995d8,0x00000000ec080000)
  from space 16384K, 65% used [0x00000000ec180000,0x00000000ecbf6130,0x00000000ed180000)
  to   space 11776K, 0% used [0x00000000ed600000,0x00000000ed600000,0x00000000ee180000)
 ParOldGen       total 51712K, used 21701K [0x0000000080000000, 0x0000000083280000, 0x00000000d5580000)
  object space 51712K, 41% used [0x0000000080000000,0x0000000081531438,0x0000000083280000)
 Metaspace       used 56657K, capacity 58964K, committed 59136K, reserved 1099776K
  class space    used 7364K, capacity 7840K, committed 7936K, reserved 1048576K
Event: 48.114 GC heap after
Heap after GC invocations=18 (full 2):
 PSYoungGen      total 383488K, used 11744K [0x00000000d5580000, 0x00000000ee180000, 0x0000000100000000)
  eden space 371712K, 0% used [0x00000000d5580000,0x00000000d5580000,0x00000000ec080000)
  from space 11776K, 99% used [0x00000000ed600000,0x00000000ee1782a0,0x00000000ee180000)
  to   space 16384K, 0% used [0x00000000ec180000,0x00000000ec180000,0x00000000ed180000)
 ParOldGen       total 51712K, used 30972K [0x0000000080000000, 0x0000000083280000, 0x00000000d5580000)
  object space 51712K, 59% used [0x0000000080000000,0x0000000081e3f068,0x0000000083280000)
 Metaspace       used 56657K, capacity 58964K, committed 59136K, reserved 1099776K
  class space    used 7364K, capacity 7840K, committed 7936K, reserved 1048576K
}
Event: 48.114 GC heap before
{Heap before GC invocations=19 (full 3):
 PSYoungGen      total 383488K, used 11744K [0x00000000d5580000, 0x00000000ee180000, 0x0000000100000000)
  eden space 371712K, 0% used [0x00000000d5580000,0x00000000d5580000,0x00000000ec080000)
  from space 11776K, 99% used [0x00000000ed600000,0x00000000ee1782a0,0x00000000ee180000)
  to   space 16384K, 0% used [0x00000000ec180000,0x00000000ec180000,0x00000000ed180000)
 ParOldGen       total 51712K, used 30972K [0x0000000080000000, 0x0000000083280000, 0x00000000d5580000)
  object space 51712K, 59% used [0x0000000080000000,0x0000000081e3f068,0x0000000083280000)
 Metaspace       used 56657K, capacity 58964K, committed 59136K, reserved 1099776K
  class space    used 7364K, capacity 7840K, committed 7936K, reserved 1048576K
Event: 48.632 GC heap after
Heap after GC invocations=19 (full 3):
 PSYoungGen      total 383488K, used 0K [0x00000000d5580000, 0x00000000ee180000, 0x0000000100000000)
  eden space 371712K, 0% used [0x00000000d5580000,0x00000000d5580000,0x00000000ec080000)
  from space 11776K, 0% used [0x00000000ed600000,0x00000000ed600000,0x00000000ee180000)
  to   space 16384K, 0% used [0x00000000ec180000,0x00000000ec180000,0x00000000ed180000)
 ParOldGen       total 51712K, used 35288K [0x0000000080000000, 0x0000000083280000, 0x00000000d5580000)
  object space 51712K, 68% used [0x0000000080000000,0x00000000822761b0,0x0000000083280000)
 Metaspace       used 56532K, capacity 58706K, committed 59136K, reserved 1099776K
  class space    used 7327K, capacity 7790K, committed 7936K, reserved 1048576K
}

